0 info it worked if it ends with ok
1 verbose cli [ '/Users/vsokoltsov/.nvm/versions/node/v5.6.0/bin/node',
1 verbose cli   '/Users/vsokoltsov/.nvm/versions/node/v5.6.0/bin/npm',
1 verbose cli   'run',
1 verbose cli   'dev' ]
2 info using npm@3.8.1
3 info using node@v5.6.0
4 verbose run-script [ 'predev', 'dev', 'postdev' ]
5 info lifecycle uprogress-client@1.0.0~predev: uprogress-client@1.0.0
6 silly lifecycle uprogress-client@1.0.0~predev: no script for predev, continuing
7 info lifecycle uprogress-client@1.0.0~dev: uprogress-client@1.0.0
8 verbose lifecycle uprogress-client@1.0.0~dev: unsafe-perm in lifecycle true
9 verbose lifecycle uprogress-client@1.0.0~dev: PATH: /Users/vsokoltsov/.nvm/versions/node/v5.6.0/lib/node_modules/npm/bin/node-gyp-bin:/Users/vsokoltsov/rails_projects/uprogress/uprogress-client/node_modules/.bin:/Users/vsokoltsov/.nvm/versions/node/v5.6.0/bin:/Users/vsokoltsov/.nvm/versions/node/v5.6.0/bin:/bin:/Users/vsokoltsov/.rbenv/shims:/Users/vsokoltsov/.rbenv/shims:/usr/local/sbin:/Users/vsokoltsov/.rbenv/shims:/Users/vsokoltsov/.rbenv/bin:/usr/local/mysql/bin:/usr/local/mysql/bin:/usr/local/mysql/bin:/usr/local/mysql/bin:/usr/local/mysql/bin:/usr/local/mysql/bin:/usr/bin:/bin:/usr/sbin:/sbin:/usr/local/bin:/usr/local/git/bin:/usr/local/mysql/bin
10 verbose lifecycle uprogress-client@1.0.0~dev: CWD: /Users/vsokoltsov/rails_projects/uprogress/uprogress-client
11 silly lifecycle uprogress-client@1.0.0~dev: Args: [ '-c', 'node dev.server ./config/webpack.config' ]
12 silly lifecycle uprogress-client@1.0.0~dev: Returned: code: 1  signal: null
13 info lifecycle uprogress-client@1.0.0~dev: Failed to exec dev script
14 verbose stack Error: uprogress-client@1.0.0 dev: `node dev.server ./config/webpack.config`
14 verbose stack Exit status 1
14 verbose stack     at EventEmitter.<anonymous> (/Users/vsokoltsov/.nvm/versions/node/v5.6.0/lib/node_modules/npm/lib/utils/lifecycle.js:239:16)
14 verbose stack     at emitTwo (events.js:100:13)
14 verbose stack     at EventEmitter.emit (events.js:185:7)
14 verbose stack     at ChildProcess.<anonymous> (/Users/vsokoltsov/.nvm/versions/node/v5.6.0/lib/node_modules/npm/lib/utils/spawn.js:24:14)
14 verbose stack     at emitTwo (events.js:100:13)
14 verbose stack     at ChildProcess.emit (events.js:185:7)
14 verbose stack     at maybeClose (internal/child_process.js:827:16)
14 verbose stack     at Process.ChildProcess._handle.onexit (internal/child_process.js:211:5)
15 verbose pkgid uprogress-client@1.0.0
16 verbose cwd /Users/vsokoltsov/rails_projects/uprogress/uprogress-client
17 error Darwin 15.3.0
18 error argv "/Users/vsokoltsov/.nvm/versions/node/v5.6.0/bin/node" "/Users/vsokoltsov/.nvm/versions/node/v5.6.0/bin/npm" "run" "dev"
19 error node v5.6.0
20 error npm  v3.8.1
21 error code ELIFECYCLE
22 error uprogress-client@1.0.0 dev: `node dev.server ./config/webpack.config`
22 error Exit status 1
23 error Failed at the uprogress-client@1.0.0 dev script 'node dev.server ./config/webpack.config'.
23 error Make sure you have the latest version of node.js and npm installed.
23 error If you do, this is most likely a problem with the uprogress-client package,
23 error not with npm itself.
23 error Tell the author that this fails on your system:
23 error     node dev.server ./config/webpack.config
23 error You can get information on how to open an issue for this project with:
23 error     npm bugs uprogress-client
23 error Or if that isn't available, you can get their info via:
23 error     npm owner ls uprogress-client
23 error There is likely additional logging output above.
24 verbose exit [ 1, true ]
